生成启动时间为 2015/11/22 1:43:11。
     1>项目“E:\Src\[src.cool]最后一战\Server\BalanceServer\BalanceServer\BalanceServer.vcxproj”在节点 5 上(build 个目标)。
     1>InitializeBuildStatus:
         正在创建“x64\Release\BalanceServer.unsuccessfulbuild”，因为已指定“AlwaysCreate”。
       ClCompile:
         C:\Program Files (x86)\Microsoft Visual Studio 10.0\VC\bin\x86_amd64\CL.exe /c /Zi /nologo /W3 /WX- /Od /Oi /GL /D WIN32 /D NDEBUG /D _CONSOLE /D _WINDOWS /D _UNICODE /D UNICODE /Gm- /EHsc /MD /GS /Gy /fp:precise /Zc:wchar_t /Zc:forScope /Yc"StdAfx.h" /Fp"x64\Release\BalanceServer.pch" /Fo"x64\Release\\" /Fd"x64\Release\vc100.pdb" /Gd /TP /errorReport:prompt stdafx.cpp
         stdafx.cpp
     1>e:\src\[src.cool]最后一战\server\elogging\elogging\Buffer.h(38): warning C4267: “+=”: 从“size_t”转换到“int”，可能丢失数据
     1>e:\src\[src.cool]最后一战\server\elogging\elogging\Buffer.h(49): warning C4267: “+=”: 从“size_t”转换到“int”，可能丢失数据
     1>E:\Src\[src.cool]最后一战\Server\ThirdFunc\google/protobuf/descriptor.h(1597): warning C4244: “return”: 从“__int64”转换到“int”，可能丢失数据
     1>E:\Src\[src.cool]最后一战\Server\ThirdFunc\google/protobuf/descriptor.h(1599): warning C4244: “return”: 从“__int64”转换到“int”，可能丢失数据
     1>E:\Src\[src.cool]最后一战\Server\ThirdFunc\google/protobuf/descriptor.h(1601): warning C4244: “return”: 从“__int64”转换到“int”，可能丢失数据
     1>E:\Src\[src.cool]最后一战\Server\ThirdFunc\google/protobuf/descriptor.h(1607): warning C4244: “return”: 从“__int64”转换到“int”，可能丢失数据
     1>E:\Src\[src.cool]最后一战\Server\ThirdFunc\google/protobuf/descriptor.h(1609): warning C4244: “return”: 从“__int64”转换到“int”，可能丢失数据
     1>E:\Src\[src.cool]最后一战\Server\ThirdFunc\google/protobuf/descriptor.h(1614): warning C4244: “return”: 从“__int64”转换到“int”，可能丢失数据
     1>E:\Src\[src.cool]最后一战\Server\ThirdFunc\google/protobuf/descriptor.h(1619): warning C4244: “return”: 从“__int64”转换到“int”，可能丢失数据
     1>E:\Src\[src.cool]最后一战\Server\ThirdFunc\google/protobuf/descriptor.h(1621): warning C4244: “return”: 从“__int64”转换到“int”，可能丢失数据
     1>E:\Src\[src.cool]最后一战\Server\ThirdFunc\google/protobuf/descriptor.h(1626): warning C4244: “return”: 从“__int64”转换到“int”，可能丢失数据
     1>E:\Src\[src.cool]最后一战\Server\ThirdFunc\google/protobuf/descriptor.h(1630): warning C4244: “return”: 从“__int64”转换到“int”，可能丢失数据
     1>E:\Src\[src.cool]最后一战\Server\ThirdFunc\google/protobuf/descriptor.h(1634): warning C4244: “return”: 从“__int64”转换到“int”，可能丢失数据
     1>E:\Src\[src.cool]最后一战\Server\ThirdFunc\google/protobuf/unknown_field_set.h(141): warning C4267: “参数”: 从“size_t”转换到“int”，可能丢失数据
     1>E:\Src\[src.cool]最后一战\Server\ThirdFunc\google/protobuf/unknown_field_set.h(239): warning C4267: “return”: 从“size_t”转换到“int”，可能丢失数据
     1>E:\Src\[src.cool]最后一战\Server\ThirdFunc\google/protobuf/unknown_field_set.h(307): warning C4267: “return”: 从“size_t”转换到“int”，可能丢失数据
         C:\Program Files (x86)\Microsoft Visual Studio 10.0\VC\bin\x86_amd64\CL.exe /c /Zi /nologo /W3 /WX- /Od /Oi /GL /D WIN32 /D NDEBUG /D _CONSOLE /D _WINDOWS /D _UNICODE /D UNICODE /Gm- /EHsc /MD /GS /Gy /fp:precise /Zc:wchar_t /Zc:forScope /Fo"x64\Release\\" /Fd"x64\Release\vc100.pdb" /Gd /TP /errorReport:prompt ..\..\ELogging\DefLogging.cpp ..\..\Share\logger.cpp ..\..\Share\Net\ICliSession.cpp ..\..\Share\Net\IMsgHandle.cpp ..\..\Share\Net\INetSession.cpp ..\..\Share\Net\INetSessionMgr.cpp ..\..\Share\Net\ISrvCliSession.cpp ..\..\ThirdFunc\MsgLists\BSToGC.pb.cc ..\..\ThirdFunc\MsgLists\BSToGS.pb.cc ..\..\ThirdFunc\MsgLists\BSToLS.pb.cc ..\..\ThirdFunc\MsgLists\GCToBS.pb.cc ..\..\ThirdFunc\MsgLists\GSToBS.pb.cc ..\..\ThirdFunc\MsgLists\ParseProto.cpp BalanceServer.cpp Net\B2LSession.cpp Net\BSNetSessionMgr.cpp Net\ClientSession.cpp Net\GateSession.cpp
         DefLogging.cpp
         logger.cpp
         ICliSession.cpp
     1>E:\Src\[src.cool]最后一战\Server\ThirdFunc\google/protobuf/descriptor.h(1597): warning C4244: “return”: 从“__int64”转换到“int”，可能丢失数据
     1>E:\Src\[src.cool]最后一战\Server\ThirdFunc\google/protobuf/descriptor.h(1599): warning C4244: “return”: 从“__int64”转换到“int”，可能丢失数据
     1>E:\Src\[src.cool]最后一战\Server\ThirdFunc\google/protobuf/descriptor.h(1601): warning C4244: “return”: 从“__int64”转换到“int”，可能丢失数据
     1>E:\Src\[src.cool]最后一战\Server\ThirdFunc\google/protobuf/descriptor.h(1607): warning C4244: “return”: 从“__int64”转换到“int”，可能丢失数据
     1>E:\Src\[src.cool]最后一战\Server\ThirdFunc\google/protobuf/descriptor.h(1609): warning C4244: “return”: 从“__int64”转换到“int”，可能丢失数据
     1>E:\Src\[src.cool]最后一战\Server\ThirdFunc\google/protobuf/descriptor.h(1614): warning C4244: “return”: 从“__int64”转换到“int”，可能丢失数据
     1>E:\Src\[src.cool]最后一战\Server\ThirdFunc\google/protobuf/descriptor.h(1619): warning C4244: “return”: 从“__int64”转换到“int”，可能丢失数据
     1>E:\Src\[src.cool]最后一战\Server\ThirdFunc\google/protobuf/descriptor.h(1621): warning C4244: “return”: 从“__int64”转换到“int”，可能丢失数据
     1>E:\Src\[src.cool]最后一战\Server\ThirdFunc\google/protobuf/descriptor.h(1626): warning C4244: “return”: 从“__int64”转换到“int”，可能丢失数据
     1>E:\Src\[src.cool]最后一战\Server\ThirdFunc\google/protobuf/descriptor.h(1630): warning C4244: “return”: 从“__int64”转换到“int”，可能丢失数据
     1>E:\Src\[src.cool]最后一战\Server\ThirdFunc\google/protobuf/descriptor.h(1634): warning C4244: “return”: 从“__int64”转换到“int”，可能丢失数据
         IMsgHandle.cpp
         INetSession.cpp
     1>E:\Src\[src.cool]最后一战\Server\ThirdFunc\google/protobuf/descriptor.h(1597): warning C4244: “return”: 从“__int64”转换到“int”，可能丢失数据
     1>E:\Src\[src.cool]最后一战\Server\ThirdFunc\google/protobuf/descriptor.h(1599): warning C4244: “return”: 从“__int64”转换到“int”，可能丢失数据
     1>E:\Src\[src.cool]最后一战\Server\ThirdFunc\google/protobuf/descriptor.h(1601): warning C4244: “return”: 从“__int64”转换到“int”，可能丢失数据
     1>E:\Src\[src.cool]最后一战\Server\ThirdFunc\google/protobuf/descriptor.h(1607): warning C4244: “return”: 从“__int64”转换到“int”，可能丢失数据
     1>E:\Src\[src.cool]最后一战\Server\ThirdFunc\google/protobuf/descriptor.h(1609): warning C4244: “return”: 从“__int64”转换到“int”，可能丢失数据
     1>E:\Src\[src.cool]最后一战\Server\ThirdFunc\google/protobuf/descriptor.h(1614): warning C4244: “return”: 从“__int64”转换到“int”，可能丢失数据
     1>E:\Src\[src.cool]最后一战\Server\ThirdFunc\google/protobuf/descriptor.h(1619): warning C4244: “return”: 从“__int64”转换到“int”，可能丢失数据
     1>E:\Src\[src.cool]最后一战\Server\ThirdFunc\google/protobuf/descriptor.h(1621): warning C4244: “return”: 从“__int64”转换到“int”，可能丢失数据
     1>E:\Src\[src.cool]最后一战\Server\ThirdFunc\google/protobuf/descriptor.h(1626): warning C4244: “return”: 从“__int64”转换到“int”，可能丢失数据
     1>E:\Src\[src.cool]最后一战\Server\ThirdFunc\google/protobuf/descriptor.h(1630): warning C4244: “return”: 从“__int64”转换到“int”，可能丢失数据
     1>E:\Src\[src.cool]最后一战\Server\ThirdFunc\google/protobuf/descriptor.h(1634): warning C4244: “return”: 从“__int64”转换到“int”，可能丢失数据
     1>e:\src\[src.cool]最后一战\server\elogging\elogging\Buffer.h(38): warning C4267: “+=”: 从“size_t”转换到“int”，可能丢失数据
     1>e:\src\[src.cool]最后一战\server\elogging\elogging\Buffer.h(49): warning C4267: “+=”: 从“size_t”转换到“int”，可能丢失数据
     1>..\..\Share\Net\INetSession.cpp(185): warning C4267: “初始化”: 从“size_t”转换到“UINT32”，可能丢失数据
         INetSessionMgr.cpp
     1>e:\src\[src.cool]最后一战\server\elogging\elogging\Buffer.h(38): warning C4267: “+=”: 从“size_t”转换到“int”，可能丢失数据
     1>e:\src\[src.cool]最后一战\server\elogging\elogging\Buffer.h(49): warning C4267: “+=”: 从“size_t”转换到“int”，可能丢失数据
     1>E:\Src\[src.cool]最后一战\Server\ThirdFunc\google/protobuf/descriptor.h(1597): warning C4244: “return”: 从“__int64”转换到“int”，可能丢失数据
     1>E:\Src\[src.cool]最后一战\Server\ThirdFunc\google/protobuf/descriptor.h(1599): warning C4244: “return”: 从“__int64”转换到“int”，可能丢失数据
     1>E:\Src\[src.cool]最后一战\Server\ThirdFunc\google/protobuf/descriptor.h(1601): warning C4244: “return”: 从“__int64”转换到“int”，可能丢失数据
     1>E:\Src\[src.cool]最后一战\Server\ThirdFunc\google/protobuf/descriptor.h(1607): warning C4244: “return”: 从“__int64”转换到“int”，可能丢失数据
     1>E:\Src\[src.cool]最后一战\Server\ThirdFunc\google/protobuf/descriptor.h(1609): warning C4244: “return”: 从“__int64”转换到“int”，可能丢失数据
     1>E:\Src\[src.cool]最后一战\Server\ThirdFunc\google/protobuf/descriptor.h(1614): warning C4244: “return”: 从“__int64”转换到“int”，可能丢失数据
     1>E:\Src\[src.cool]最后一战\Server\ThirdFunc\google/protobuf/descriptor.h(1619): warning C4244: “return”: 从“__int64”转换到“int”，可能丢失数据
     1>E:\Src\[src.cool]最后一战\Server\ThirdFunc\google/protobuf/descriptor.h(1621): warning C4244: “return”: 从“__int64”转换到“int”，可能丢失数据
     1>E:\Src\[src.cool]最后一战\Server\ThirdFunc\google/protobuf/descriptor.h(1626): warning C4244: “return”: 从“__int64”转换到“int”，可能丢失数据
     1>E:\Src\[src.cool]最后一战\Server\ThirdFunc\google/protobuf/descriptor.h(1630): warning C4244: “return”: 从“__int64”转换到“int”，可能丢失数据
     1>E:\Src\[src.cool]最后一战\Server\ThirdFunc\google/protobuf/descriptor.h(1634): warning C4244: “return”: 从“__int64”转换到“int”，可能丢失数据
     1>..\..\Share\Net\INetSessionMgr.cpp(18): warning C4244: “=”: 从“DWORD”转换到“UINT8”，可能丢失数据
     1>..\..\Share\Net\INetSessionMgr.cpp(59): warning C4018: “<=”: 有符号/无符号不匹配
     1>..\..\Share\Net\INetSessionMgr.cpp(189): warning C4267: “参数”: 从“size_t”转换到“int”，可能丢失数据
         ISrvCliSession.cpp
     1>E:\Src\[src.cool]最后一战\Server\ThirdFunc\google/protobuf/descriptor.h(1597): warning C4244: “return”: 从“__int64”转换到“int”，可能丢失数据
     1>E:\Src\[src.cool]最后一战\Server\ThirdFunc\google/protobuf/descriptor.h(1599): warning C4244: “return”: 从“__int64”转换到“int”，可能丢失数据
     1>E:\Src\[src.cool]最后一战\Server\ThirdFunc\google/protobuf/descriptor.h(1601): warning C4244: “return”: 从“__int64”转换到“int”，可能丢失数据
     1>E:\Src\[src.cool]最后一战\Server\ThirdFunc\google/protobuf/descriptor.h(1607): warning C4244: “return”: 从“__int64”转换到“int”，可能丢失数据
     1>E:\Src\[src.cool]最后一战\Server\ThirdFunc\google/protobuf/descriptor.h(1609): warning C4244: “return”: 从“__int64”转换到“int”，可能丢失数据
     1>E:\Src\[src.cool]最后一战\Server\ThirdFunc\google/protobuf/descriptor.h(1614): warning C4244: “return”: 从“__int64”转换到“int”，可能丢失数据
     1>E:\Src\[src.cool]最后一战\Server\ThirdFunc\google/protobuf/descriptor.h(1619): warning C4244: “return”: 从“__int64”转换到“int”，可能丢失数据
     1>E:\Src\[src.cool]最后一战\Server\ThirdFunc\google/protobuf/descriptor.h(1621): warning C4244: “return”: 从“__int64”转换到“int”，可能丢失数据
     1>E:\Src\[src.cool]最后一战\Server\ThirdFunc\google/protobuf/descriptor.h(1626): warning C4244: “return”: 从“__int64”转换到“int”，可能丢失数据
     1>E:\Src\[src.cool]最后一战\Server\ThirdFunc\google/protobuf/descriptor.h(1630): warning C4244: “return”: 从“__int64”转换到“int”，可能丢失数据
     1>E:\Src\[src.cool]最后一战\Server\ThirdFunc\google/protobuf/descriptor.h(1634): warning C4244: “return”: 从“__int64”转换到“int”，可能丢失数据
     1>e:\src\[src.cool]最后一战\server\elogging\elogging\Buffer.h(38): warning C4267: “+=”: 从“size_t”转换到“int”，可能丢失数据
     1>e:\src\[src.cool]最后一战\server\elogging\elogging\Buffer.h(49): warning C4267: “+=”: 从“size_t”转换到“int”，可能丢失数据
         BSToGC.pb.cc
     1>E:\Src\[src.cool]最后一战\Server\ThirdFunc\google/protobuf/descriptor.h(1597): warning C4244: “return”: 从“__int64”转换到“int”，可能丢失数据
     1>E:\Src\[src.cool]最后一战\Server\ThirdFunc\google/protobuf/descriptor.h(1599): warning C4244: “return”: 从“__int64”转换到“int”，可能丢失数据
     1>E:\Src\[src.cool]最后一战\Server\ThirdFunc\google/protobuf/descriptor.h(1601): warning C4244: “return”: 从“__int64”转换到“int”，可能丢失数据
     1>E:\Src\[src.cool]最后一战\Server\ThirdFunc\google/protobuf/descriptor.h(1607): warning C4244: “return”: 从“__int64”转换到“int”，可能丢失数据
     1>E:\Src\[src.cool]最后一战\Server\ThirdFunc\google/protobuf/descriptor.h(1609): warning C4244: “return”: 从“__int64”转换到“int”，可能丢失数据
     1>E:\Src\[src.cool]最后一战\Server\ThirdFunc\google/protobuf/descriptor.h(1614): warning C4244: “return”: 从“__int64”转换到“int”，可能丢失数据
     1>E:\Src\[src.cool]最后一战\Server\ThirdFunc\google/protobuf/descriptor.h(1619): warning C4244: “return”: 从“__int64”转换到“int”，可能丢失数据
     1>E:\Src\[src.cool]最后一战\Server\ThirdFunc\google/protobuf/descriptor.h(1621): warning C4244: “return”: 从“__int64”转换到“int”，可能丢失数据
     1>E:\Src\[src.cool]最后一战\Server\ThirdFunc\google/protobuf/descriptor.h(1626): warning C4244: “return”: 从“__int64”转换到“int”，可能丢失数据
     1>E:\Src\[src.cool]最后一战\Server\ThirdFunc\google/protobuf/descriptor.h(1630): warning C4244: “return”: 从“__int64”转换到“int”，可能丢失数据
     1>E:\Src\[src.cool]最后一战\Server\ThirdFunc\google/protobuf/descriptor.h(1634): warning C4244: “return”: 从“__int64”转换到“int”，可能丢失数据
     1>E:\Src\[src.cool]最后一战\Server\ThirdFunc\google/protobuf/unknown_field_set.h(141): warning C4267: “参数”: 从“size_t”转换到“int”，可能丢失数据
     1>E:\Src\[src.cool]最后一战\Server\ThirdFunc\google/protobuf/unknown_field_set.h(239): warning C4267: “return”: 从“size_t”转换到“int”，可能丢失数据
     1>E:\Src\[src.cool]最后一战\Server\ThirdFunc\google/protobuf/unknown_field_set.h(307): warning C4267: “return”: 从“size_t”转换到“int”，可能丢失数据
     1>E:\Src\[src.cool]最后一战\Server\ThirdFunc\google/protobuf/io/coded_stream.h(977): warning C4244: “=”: 从“__int64”转换到“int”，可能丢失数据
     1>E:\Src\[src.cool]最后一战\Server\ThirdFunc\google/protobuf/io/coded_stream.h(1162): warning C4244: “return”: 从“__int64”转换到“int”，可能丢失数据
     1>E:\Src\[src.cool]最后一战\Server\ThirdFunc\google/protobuf/wire_format_lite_inl.h(822): warning C4267: “参数”: 从“size_t”转换到“google::protobuf::uint32”，可能丢失数据
     1>E:\Src\[src.cool]最后一战\Server\ThirdFunc\google/protobuf/wire_format_lite_inl.h(823): warning C4267: “return”: 从“size_t”转换到“int”，可能丢失数据
     1>E:\Src\[src.cool]最后一战\Server\ThirdFunc\google/protobuf/wire_format_lite_inl.h(826): warning C4267: “参数”: 从“size_t”转换到“google::protobuf::uint32”，可能丢失数据
     1>E:\Src\[src.cool]最后一战\Server\ThirdFunc\google/protobuf/wire_format_lite_inl.h(827): warning C4267: “return”: 从“size_t”转换到“int”，可能丢失数据
     1>..\..\ThirdFunc\MsgLists\BSToGC.pb.cc(308): warning C4267: “参数”: 从“size_t”转换到“int”，可能丢失数据
     1>..\..\ThirdFunc\MsgLists\BSToGC.pb.cc(325): warning C4267: “参数”: 从“size_t”转换到“int”，可能丢失数据
     1>..\..\ThirdFunc\MsgLists\BSToGC.pb.cc(357): warning C4267: “参数”: 从“size_t”转换到“int”，可能丢失数据
     1>..\..\ThirdFunc\MsgLists\BSToGC.pb.cc(406): warning C4267: “参数”: 从“size_t”转换到“int”，可能丢失数据
     1>..\..\ThirdFunc\MsgLists\BSToGC.pb.cc(416): warning C4267: “参数”: 从“size_t”转换到“int”，可能丢失数据
     1>..\..\ThirdFunc\MsgLists\BSToGC.pb.cc(431): warning C4267: “参数”: 从“size_t”转换到“int”，可能丢失数据
     1>..\..\ThirdFunc\MsgLists\BSToGC.pb.cc(462): warning C4267: “参数”: 从“size_t”转换到“int”，可能丢失数据
     1>..\..\ThirdFunc\MsgLists\BSToGC.pb.cc(473): warning C4267: “参数”: 从“size_t”转换到“int”，可能丢失数据
     1>..\..\ThirdFunc\MsgLists\BSToGC.pb.cc(489): warning C4267: “参数”: 从“size_t”转换到“int”，可能丢失数据
     1>E:\Src\[src.cool]最后一战\Server\ThirdFunc\google/protobuf/wire_format_lite_inl.h(383): warning C4018: “<”: 有符号/无符号不匹配
                 E:\Src\[src.cool]最后一战\Server\ThirdFunc\google/protobuf/wire_format_lite_inl.h(413): 参见对正在编译的函数 模板 实例化“bool google::protobuf::internal::WireFormatLite::ReadPackedFixedSizePrimitive<google::protobuf::uint32,TYPE_FIXED32>(google::protobuf::io::CodedInputStream *,google::protobuf::RepeatedField<Element> *)”的引用
                 with
                 [
                     Element=google::protobuf::uint32
                 ]
     1>E:\Src\[src.cool]最后一战\Server\ThirdFunc\google/protobuf/wire_format_lite_inl.h(393): warning C4018: “<”: 有符号/无符号不匹配
     1>E:\Src\[src.cool]最后一战\Server\ThirdFunc\google/protobuf/wire_format_lite_inl.h(383): warning C4018: “<”: 有符号/无符号不匹配
                 E:\Src\[src.cool]最后一战\Server\ThirdFunc\google/protobuf/wire_format_lite_inl.h(414): 参见对正在编译的函数 模板 实例化“bool google::protobuf::internal::WireFormatLite::ReadPackedFixedSizePrimitive<google::protobuf::uint64,TYPE_FIXED64>(google::protobuf::io::CodedInputStream *,google::protobuf::RepeatedField<Element> *)”的引用
                 with
                 [
                     Element=google::protobuf::uint64
                 ]
     1>E:\Src\[src.cool]最后一战\Server\ThirdFunc\google/protobuf/wire_format_lite_inl.h(393): warning C4018: “<”: 有符号/无符号不匹配
     1>E:\Src\[src.cool]最后一战\Server\ThirdFunc\google/protobuf/wire_format_lite_inl.h(383): warning C4018: “<”: 有符号/无符号不匹配
                 E:\Src\[src.cool]最后一战\Server\ThirdFunc\google/protobuf/wire_format_lite_inl.h(415): 参见对正在编译的函数 模板 实例化“bool google::protobuf::internal::WireFormatLite::ReadPackedFixedSizePrimitive<google::protobuf::int32,TYPE_SFIXED32>(google::protobuf::io::CodedInputStream *,google::protobuf::RepeatedField<Element> *)”的引用
                 with
                 [
                     Element=google::protobuf::int32
                 ]
     1>E:\Src\[src.cool]最后一战\Server\ThirdFunc\google/protobuf/wire_format_lite_inl.h(393): warning C4018: “<”: 有符号/无符号不匹配
     1>E:\Src\[src.cool]最后一战\Server\ThirdFunc\google/protobuf/wire_format_lite_inl.h(383): warning C4018: “<”: 有符号/无符号不匹配
                 E:\Src\[src.cool]最后一战\Server\ThirdFunc\google/protobuf/wire_format_lite_inl.h(416): 参见对正在编译的函数 模板 实例化“bool google::protobuf::internal::WireFormatLite::ReadPackedFixedSizePrimitive<google::protobuf::int64,TYPE_SFIXED64>(google::protobuf::io::CodedInputStream *,google::protobuf::RepeatedField<Element> *)”的引用
                 with
                 [
                     Element=google::protobuf::int64
                 ]
     1>E:\Src\[src.cool]最后一战\Server\ThirdFunc\google/protobuf/wire_format_lite_inl.h(393): warning C4018: “<”: 有符号/无符号不匹配
     1>E:\Src\[src.cool]最后一战\Server\ThirdFunc\google/protobuf/wire_format_lite_inl.h(383): warning C4018: “<”: 有符号/无符号不匹配
                 E:\Src\[src.cool]最后一战\Server\ThirdFunc\google/protobuf/wire_format_lite_inl.h(417): 参见对正在编译的函数 模板 实例化“bool google::protobuf::internal::WireFormatLite::ReadPackedFixedSizePrimitive<float,TYPE_FLOAT>(google::protobuf::io::CodedInputStream *,google::protobuf::RepeatedField<Element> *)”的引用
                 with
                 [
                     Element=float
                 ]
     1>E:\Src\[src.cool]最后一战\Server\ThirdFunc\google/protobuf/wire_format_lite_inl.h(393): warning C4018: “<”: 有符号/无符号不匹配
     1>E:\Src\[src.cool]最后一战\Server\ThirdFunc\google/protobuf/wire_format_lite_inl.h(383): warning C4018: “<”: 有符号/无符号不匹配
                 E:\Src\[src.cool]最后一战\Server\ThirdFunc\google/protobuf/wire_format_lite_inl.h(418): 参见对正在编译的函数 模板 实例化“bool google::protobuf::internal::WireFormatLite::ReadPackedFixedSizePrimitive<double,TYPE_DOUBLE>(google::protobuf::io::CodedInputStream *,google::protobuf::RepeatedField<Element> *)”的引用
                 with
                 [
                     Element=double
                 ]
     1>E:\Src\[src.cool]最后一战\Server\ThirdFunc\google/protobuf/wire_format_lite_inl.h(393): warning C4018: “<”: 有符号/无符号不匹配
         BSToGS.pb.cc
     1>E:\Src\[src.cool]最后一战\Server\ThirdFunc\google/protobuf/descriptor.h(1597): warning C4244: “return”: 从“__int64”转换到“int”，可能丢失数据
     1>E:\Src\[src.cool]最后一战\Server\ThirdFunc\google/protobuf/descriptor.h(1599): warning C4244: “return”: 从“__int64”转换到“int”，可能丢失数据
     1>E:\Src\[src.cool]最后一战\Server\ThirdFunc\google/protobuf/descriptor.h(1601): warning C4244: “return”: 从“__int64”转换到“int”，可能丢失数据
     1>E:\Src\[src.cool]最后一战\Server\ThirdFunc\google/protobuf/descriptor.h(1607): warning C4244: “return”: 从“__int64”转换到“int”，可能丢失数据
     1>E:\Src\[src.cool]最后一战\Server\ThirdFunc\google/protobuf/descriptor.h(1609): warning C4244: “return”: 从“__int64”转换到“int”，可能丢失数据
     1>E:\Src\[src.cool]最后一战\Server\ThirdFunc\google/protobuf/descriptor.h(1614): warning C4244: “return”: 从“__int64”转换到“int”，可能丢失数据
     1>E:\Src\[src.cool]最后一战\Server\ThirdFunc\google/protobuf/descriptor.h(1619): warning C4244: “return”: 从“__int64”转换到“int”，可能丢失数据
     1>E:\Src\[src.cool]最后一战\Server\ThirdFunc\google/protobuf/descriptor.h(1621): warning C4244: “return”: 从“__int64”转换到“int”，可能丢失数据
     1>E:\Src\[src.cool]最后一战\Server\ThirdFunc\google/protobuf/descriptor.h(1626): warning C4244: “return”: 从“__int64”转换到“int”，可能丢失数据
     1>E:\Src\[src.cool]最后一战\Server\ThirdFunc\google/protobuf/descriptor.h(1630): warning C4244: “return”: 从“__int64”转换到“int”，可能丢失数据
     1>E:\Src\[src.cool]最后一战\Server\ThirdFunc\google/protobuf/descriptor.h(1634): warning C4244: “return”: 从“__int64”转换到“int”，可能丢失数据
     1>E:\Src\[src.cool]最后一战\Server\ThirdFunc\google/protobuf/unknown_field_set.h(141): warning C4267: “参数”: 从“size_t”转换到“int”，可能丢失数据
     1>E:\Src\[src.cool]最后一战\Server\ThirdFunc\google/protobuf/unknown_field_set.h(239): warning C4267: “return”: 从“size_t”转换到“int”，可能丢失数据
     1>E:\Src\[src.cool]最后一战\Server\ThirdFunc\google/protobuf/unknown_field_set.h(307): warning C4267: “return”: 从“size_t”转换到“int”，可能丢失数据
     1>E:\Src\[src.cool]最后一战\Server\ThirdFunc\google/protobuf/io/coded_stream.h(977): warning C4244: “=”: 从“__int64”转换到“int”，可能丢失数据
     1>E:\Src\[src.cool]最后一战\Server\ThirdFunc\google/protobuf/io/coded_stream.h(1162): warning C4244: “return”: 从“__int64”转换到“int”，可能丢失数据
     1>E:\Src\[src.cool]最后一战\Server\ThirdFunc\google/protobuf/wire_format_lite_inl.h(822): warning C4267: “参数”: 从“size_t”转换到“google::protobuf::uint32”，可能丢失数据
     1>E:\Src\[src.cool]最后一战\Server\ThirdFunc\google/protobuf/wire_format_lite_inl.h(823): warning C4267: “return”: 从“size_t”转换到“int”，可能丢失数据
     1>E:\Src\[src.cool]最后一战\Server\ThirdFunc\google/protobuf/wire_format_lite_inl.h(826): warning C4267: “参数”: 从“size_t”转换到“google::protobuf::uint32”，可能丢失数据
     1>E:\Src\[src.cool]最后一战\Server\ThirdFunc\google/protobuf/wire_format_lite_inl.h(827): warning C4267: “return”: 从“size_t”转换到“int”，可能丢失数据
     1>..\..\ThirdFunc\MsgLists\BSToGS.pb.cc(633): warning C4267: “参数”: 从“size_t”转换到“int”，可能丢失数据
     1>..\..\ThirdFunc\MsgLists\BSToGS.pb.cc(650): warning C4267: “参数”: 从“size_t”转换到“int”，可能丢失数据
     1>..\..\ThirdFunc\MsgLists\BSToGS.pb.cc(682): warning C4267: “参数”: 从“size_t”转换到“int”，可能丢失数据
     1>..\..\ThirdFunc\MsgLists\BSToGS.pb.cc(731): warning C4267: “参数”: 从“size_t”转换到“int”，可能丢失数据
     1>..\..\ThirdFunc\MsgLists\BSToGS.pb.cc(741): warning C4267: “参数”: 从“size_t”转换到“int”，可能丢失数据
     1>..\..\ThirdFunc\MsgLists\BSToGS.pb.cc(756): warning C4267: “参数”: 从“size_t”转换到“int”，可能丢失数据
     1>..\..\ThirdFunc\MsgLists\BSToGS.pb.cc(787): warning C4267: “参数”: 从“size_t”转换到“int”，可能丢失数据
     1>..\..\ThirdFunc\MsgLists\BSToGS.pb.cc(798): warning C4267: “参数”: 从“size_t”转换到“int”，可能丢失数据
     1>..\..\ThirdFunc\MsgLists\BSToGS.pb.cc(814): warning C4267: “参数”: 从“size_t”转换到“int”，可能丢失数据
     1>E:\Src\[src.cool]最后一战\Server\ThirdFunc\google/protobuf/wire_format_lite_inl.h(383): warning C4018: “<”: 有符号/无符号不匹配
                 E:\Src\[src.cool]最后一战\Server\ThirdFunc\google/protobuf/wire_format_lite_inl.h(413): 参见对正在编译的函数 模板 实例化“bool google::protobuf::internal::WireFormatLite::ReadPackedFixedSizePrimitive<google::protobuf::uint32,TYPE_FIXED32>(google::protobuf::io::CodedInputStream *,google::protobuf::RepeatedField<Element> *)”的引用
                 with
                 [
                     Element=google::protobuf::uint32
                 ]
     1>E:\Src\[src.cool]最后一战\Server\ThirdFunc\google/protobuf/wire_format_lite_inl.h(393): warning C4018: “<”: 有符号/无符号不匹配
     1>E:\Src\[src.cool]最后一战\Server\ThirdFunc\google/protobuf/wire_format_lite_inl.h(383): warning C4018: “<”: 有符号/无符号不匹配
                 E:\Src\[src.cool]最后一战\Server\ThirdFunc\google/protobuf/wire_format_lite_inl.h(414): 参见对正在编译的函数 模板 实例化“bool google::protobuf::internal::WireFormatLite::ReadPackedFixedSizePrimitive<google::protobuf::uint64,TYPE_FIXED64>(google::protobuf::io::CodedInputStream *,google::protobuf::RepeatedField<Element> *)”的引用
                 with
                 [
                     Element=google::protobuf::uint64
                 ]
     1>E:\Src\[src.cool]最后一战\Server\ThirdFunc\google/protobuf/wire_format_lite_inl.h(393): warning C4018: “<”: 有符号/无符号不匹配
     1>E:\Src\[src.cool]最后一战\Server\ThirdFunc\google/protobuf/wire_format_lite_inl.h(383): warning C4018: “<”: 有符号/无符号不匹配
                 E:\Src\[src.cool]最后一战\Server\ThirdFunc\google/protobuf/wire_format_lite_inl.h(415): 参见对正在编译的函数 模板 实例化“bool google::protobuf::internal::WireFormatLite::ReadPackedFixedSizePrimitive<google::protobuf::int32,TYPE_SFIXED32>(google::protobuf::io::CodedInputStream *,google::protobuf::RepeatedField<Element> *)”的引用
                 with
                 [
                     Element=google::protobuf::int32
                 ]
     1>E:\Src\[src.cool]最后一战\Server\ThirdFunc\google/protobuf/wire_format_lite_inl.h(393): warning C4018: “<”: 有符号/无符号不匹配
     1>E:\Src\[src.cool]最后一战\Server\ThirdFunc\google/protobuf/wire_format_lite_inl.h(383): warning C4018: “<”: 有符号/无符号不匹配
                 E:\Src\[src.cool]最后一战\Server\ThirdFunc\google/protobuf/wire_format_lite_inl.h(416): 参见对正在编译的函数 模板 实例化“bool google::protobuf::internal::WireFormatLite::ReadPackedFixedSizePrimitive<google::protobuf::int64,TYPE_SFIXED64>(google::protobuf::io::CodedInputStream *,google::protobuf::RepeatedField<Element> *)”的引用
                 with
                 [
                     Element=google::protobuf::int64
                 ]
     1>E:\Src\[src.cool]最后一战\Server\ThirdFunc\google/protobuf/wire_format_lite_inl.h(393): warning C4018: “<”: 有符号/无符号不匹配
     1>E:\Src\[src.cool]最后一战\Server\ThirdFunc\google/protobuf/wire_format_lite_inl.h(383): warning C4018: “<”: 有符号/无符号不匹配
                 E:\Src\[src.cool]最后一战\Server\ThirdFunc\google/protobuf/wire_format_lite_inl.h(417): 参见对正在编译的函数 模板 实例化“bool google::protobuf::internal::WireFormatLite::ReadPackedFixedSizePrimitive<float,TYPE_FLOAT>(google::protobuf::io::CodedInputStream *,google::protobuf::RepeatedField<Element> *)”的引用
                 with
                 [
                     Element=float
                 ]
     1>E:\Src\[src.cool]最后一战\Server\ThirdFunc\google/protobuf/wire_format_lite_inl.h(393): warning C4018: “<”: 有符号/无符号不匹配
     1>E:\Src\[src.cool]最后一战\Server\ThirdFunc\google/protobuf/wire_format_lite_inl.h(383): warning C4018: “<”: 有符号/无符号不匹配
                 E:\Src\[src.cool]最后一战\Server\ThirdFunc\google/protobuf/wire_format_lite_inl.h(418): 参见对正在编译的函数 模板 实例化“bool google::protobuf::internal::WireFormatLite::ReadPackedFixedSizePrimitive<double,TYPE_DOUBLE>(google::protobuf::io::CodedInputStream *,google::protobuf::RepeatedField<Element> *)”的引用
                 with
                 [
                     Element=double
                 ]
     1>E:\Src\[src.cool]最后一战\Server\ThirdFunc\google/protobuf/wire_format_lite_inl.h(393): warning C4018: “<”: 有符号/无符号不匹配
         BSToLS.pb.cc
     1>E:\Src\[src.cool]最后一战\Server\ThirdFunc\google/protobuf/descriptor.h(1597): warning C4244: “return”: 从“__int64”转换到“int”，可能丢失数据
     1>E:\Src\[src.cool]最后一战\Server\ThirdFunc\google/protobuf/descriptor.h(1599): warning C4244: “return”: 从“__int64”转换到“int”，可能丢失数据
     1>E:\Src\[src.cool]最后一战\Server\ThirdFunc\google/protobuf/descriptor.h(1601): warning C4244: “return”: 从“__int64”转换到“int”，可能丢失数据
     1>E:\Src\[src.cool]最后一战\Server\ThirdFunc\google/protobuf/descriptor.h(1607): warning C4244: “return”: 从“__int64”转换到“int”，可能丢失数据
     1>E:\Src\[src.cool]最后一战\Server\ThirdFunc\google/protobuf/descriptor.h(1609): warning C4244: “return”: 从“__int64”转换到“int”，可能丢失数据
     1>E:\Src\[src.cool]最后一战\Server\ThirdFunc\google/protobuf/descriptor.h(1614): warning C4244: “return”: 从“__int64”转换到“int”，可能丢失数据
     1>E:\Src\[src.cool]最后一战\Server\ThirdFunc\google/protobuf/descriptor.h(1619): warning C4244: “return”: 从“__int64”转换到“int”，可能丢失数据
     1>E:\Src\[src.cool]最后一战\Server\ThirdFunc\google/protobuf/descriptor.h(1621): warning C4244: “return”: 从“__int64”转换到“int”，可能丢失数据
     1>E:\Src\[src.cool]最后一战\Server\ThirdFunc\google/protobuf/descriptor.h(1626): warning C4244: “return”: 从“__int64”转换到“int”，可能丢失数据
     1>E:\Src\[src.cool]最后一战\Server\ThirdFunc\google/protobuf/descriptor.h(1630): warning C4244: “return”: 从“__int64”转换到“int”，可能丢失数据
     1>E:\Src\[src.cool]最后一战\Server\ThirdFunc\google/protobuf/descriptor.h(1634): warning C4244: “return”: 从“__int64”转换到“int”，可能丢失数据
     1>E:\Src\[src.cool]最后一战\Server\ThirdFunc\google/protobuf/unknown_field_set.h(141): warning C4267: “参数”: 从“size_t”转换到“int”，可能丢失数据
     1>E:\Src\[src.cool]最后一战\Server\ThirdFunc\google/protobuf/unknown_field_set.h(239): warning C4267: “return”: 从“size_t”转换到“int”，可能丢失数据
     1>E:\Src\[src.cool]最后一战\Server\ThirdFunc\google/protobuf/unknown_field_set.h(307): warning C4267: “return”: 从“size_t”转换到“int”，可能丢失数据
     1>E:\Src\[src.cool]最后一战\Server\ThirdFunc\google/protobuf/io/coded_stream.h(977): warning C4244: “=”: 从“__int64”转换到“int”，可能丢失数据
     1>E:\Src\[src.cool]最后一战\Server\ThirdFunc\google/protobuf/io/coded_stream.h(1162): warning C4244: “return”: 从“__int64”转换到“int”，可能丢失数据
     1>E:\Src\[src.cool]最后一战\Server\ThirdFunc\google/protobuf/wire_format_lite_inl.h(822): warning C4267: “参数”: 从“size_t”转换到“google::protobuf::uint32”，可能丢失数据
     1>E:\Src\[src.cool]最后一战\Server\ThirdFunc\google/protobuf/wire_format_lite_inl.h(823): warning C4267: “return”: 从“size_t”转换到“int”，可能丢失数据
     1>E:\Src\[src.cool]最后一战\Server\ThirdFunc\google/protobuf/wire_format_lite_inl.h(826): warning C4267: “参数”: 从“size_t”转换到“google::protobuf::uint32”，可能丢失数据
     1>E:\Src\[src.cool]最后一战\Server\ThirdFunc\google/protobuf/wire_format_lite_inl.h(827): warning C4267: “return”: 从“size_t”转换到“int”，可能丢失数据
     1>E:\Src\[src.cool]最后一战\Server\ThirdFunc\google/protobuf/wire_format_lite_inl.h(383): warning C4018: “<”: 有符号/无符号不匹配
                 E:\Src\[src.cool]最后一战\Server\ThirdFunc\google/protobuf/wire_format_lite_inl.h(413): 参见对正在编译的函数 模板 实例化“bool google::protobuf::internal::WireFormatLite::ReadPackedFixedSizePrimitive<google::protobuf::uint32,TYPE_FIXED32>(google::protobuf::io::CodedInputStream *,google::protobuf::RepeatedField<Element> *)”的引用
                 with
                 [
                     Element=google::protobuf::uint32
                 ]
     1>E:\Src\[src.cool]最后一战\Server\ThirdFunc\google/protobuf/wire_format_lite_inl.h(393): warning C4018: “<”: 有符号/无符号不匹配
     1>E:\Src\[src.cool]最后一战\Server\ThirdFunc\google/protobuf/wire_format_lite_inl.h(383): warning C4018: “<”: 有符号/无符号不匹配
                 E:\Src\[src.cool]最后一战\Server\ThirdFunc\google/protobuf/wire_format_lite_inl.h(414): 参见对正在编译的函数 模板 实例化“bool google::protobuf::internal::WireFormatLite::ReadPackedFixedSizePrimitive<google::protobuf::uint64,TYPE_FIXED64>(google::protobuf::io::CodedInputStream *,google::protobuf::RepeatedField<Element> *)”的引用
                 with
                 [
                     Element=google::protobuf::uint64
                 ]
     1>E:\Src\[src.cool]最后一战\Server\ThirdFunc\google/protobuf/wire_format_lite_inl.h(393): warning C4018: “<”: 有符号/无符号不匹配
     1>E:\Src\[src.cool]最后一战\Server\ThirdFunc\google/protobuf/wire_format_lite_inl.h(383): warning C4018: “<”: 有符号/无符号不匹配
                 E:\Src\[src.cool]最后一战\Server\ThirdFunc\google/protobuf/wire_format_lite_inl.h(415): 参见对正在编译的函数 模板 实例化“bool google::protobuf::internal::WireFormatLite::ReadPackedFixedSizePrimitive<google::protobuf::int32,TYPE_SFIXED32>(google::protobuf::io::CodedInputStream *,google::protobuf::RepeatedField<Element> *)”的引用
                 with
                 [
                     Element=google::protobuf::int32
                 ]
     1>E:\Src\[src.cool]最后一战\Server\ThirdFunc\google/protobuf/wire_format_lite_inl.h(393): warning C4018: “<”: 有符号/无符号不匹配
     1>E:\Src\[src.cool]最后一战\Server\ThirdFunc\google/protobuf/wire_format_lite_inl.h(383): warning C4018: “<”: 有符号/无符号不匹配
                 E:\Src\[src.cool]最后一战\Server\ThirdFunc\google/protobuf/wire_format_lite_inl.h(416): 参见对正在编译的函数 模板 实例化“bool google::protobuf::internal::WireFormatLite::ReadPackedFixedSizePrimitive<google::protobuf::int64,TYPE_SFIXED64>(google::protobuf::io::CodedInputStream *,google::protobuf::RepeatedField<Element> *)”的引用
                 with
                 [
                     Element=google::protobuf::int64
                 ]
     1>E:\Src\[src.cool]最后一战\Server\ThirdFunc\google/protobuf/wire_format_lite_inl.h(393): warning C4018: “<”: 有符号/无符号不匹配
     1>E:\Src\[src.cool]最后一战\Server\ThirdFunc\google/protobuf/wire_format_lite_inl.h(383): warning C4018: “<”: 有符号/无符号不匹配
                 E:\Src\[src.cool]最后一战\Server\ThirdFunc\google/protobuf/wire_format_lite_inl.h(417): 参见对正在编译的函数 模板 实例化“bool google::protobuf::internal::WireFormatLite::ReadPackedFixedSizePrimitive<float,TYPE_FLOAT>(google::protobuf::io::CodedInputStream *,google::protobuf::RepeatedField<Element> *)”的引用
                 with
                 [
                     Element=float
                 ]
     1>E:\Src\[src.cool]最后一战\Server\ThirdFunc\google/protobuf/wire_format_lite_inl.h(393): warning C4018: “<”: 有符号/无符号不匹配
     1>E:\Src\[src.cool]最后一战\Server\ThirdFunc\google/protobuf/wire_format_lite_inl.h(383): warning C4018: “<”: 有符号/无符号不匹配
                 E:\Src\[src.cool]最后一战\Server\ThirdFunc\google/protobuf/wire_format_lite_inl.h(418): 参见对正在编译的函数 模板 实例化“bool google::protobuf::internal::WireFormatLite::ReadPackedFixedSizePrimitive<double,TYPE_DOUBLE>(google::protobuf::io::CodedInputStream *,google::protobuf::RepeatedField<Element> *)”的引用
                 with
                 [
                     Element=double
                 ]
     1>E:\Src\[src.cool]最后一战\Server\ThirdFunc\google/protobuf/wire_format_lite_inl.h(393): warning C4018: “<”: 有符号/无符号不匹配
         GCToBS.pb.cc
     1>E:\Src\[src.cool]最后一战\Server\ThirdFunc\google/protobuf/descriptor.h(1597): warning C4244: “return”: 从“__int64”转换到“int”，可能丢失数据
     1>E:\Src\[src.cool]最后一战\Server\ThirdFunc\google/protobuf/descriptor.h(1599): warning C4244: “return”: 从“__int64”转换到“int”，可能丢失数据
     1>E:\Src\[src.cool]最后一战\Server\ThirdFunc\google/protobuf/descriptor.h(1601): warning C4244: “return”: 从“__int64”转换到“int”，可能丢失数据
     1>E:\Src\[src.cool]最后一战\Server\ThirdFunc\google/protobuf/descriptor.h(1607): warning C4244: “return”: 从“__int64”转换到“int”，可能丢失数据
     1>E:\Src\[src.cool]最后一战\Server\ThirdFunc\google/protobuf/descriptor.h(1609): warning C4244: “return”: 从“__int64”转换到“int”，可能丢失数据
     1>E:\Src\[src.cool]最后一战\Server\ThirdFunc\google/protobuf/descriptor.h(1614): warning C4244: “return”: 从“__int64”转换到“int”，可能丢失数据
     1>E:\Src\[src.cool]最后一战\Server\ThirdFunc\google/protobuf/descriptor.h(1619): warning C4244: “return”: 从“__int64”转换到“int”，可能丢失数据
     1>E:\Src\[src.cool]最后一战\Server\ThirdFunc\google/protobuf/descriptor.h(1621): warning C4244: “return”: 从“__int64”转换到“int”，可能丢失数据
     1>E:\Src\[src.cool]最后一战\Server\ThirdFunc\google/protobuf/descriptor.h(1626): warning C4244: “return”: 从“__int64”转换到“int”，可能丢失数据
     1>E:\Src\[src.cool]最后一战\Server\ThirdFunc\google/protobuf/descriptor.h(1630): warning C4244: “return”: 从“__int64”转换到“int”，可能丢失数据
     1>E:\Src\[src.cool]最后一战\Server\ThirdFunc\google/protobuf/descriptor.h(1634): warning C4244: “return”: 从“__int64”转换到“int”，可能丢失数据
     1>E:\Src\[src.cool]最后一战\Server\ThirdFunc\google/protobuf/unknown_field_set.h(141): warning C4267: “参数”: 从“size_t”转换到“int”，可能丢失数据
     1>E:\Src\[src.cool]最后一战\Server\ThirdFunc\google/protobuf/unknown_field_set.h(239): warning C4267: “return”: 从“size_t”转换到“int”，可能丢失数据
     1>E:\Src\[src.cool]最后一战\Server\ThirdFunc\google/protobuf/unknown_field_set.h(307): warning C4267: “return”: 从“size_t”转换到“int”，可能丢失数据
     1>E:\Src\[src.cool]最后一战\Server\ThirdFunc\google/protobuf/io/coded_stream.h(977): warning C4244: “=”: 从“__int64”转换到“int”，可能丢失数据
     1>E:\Src\[src.cool]最后一战\Server\ThirdFunc\google/protobuf/io/coded_stream.h(1162): warning C4244: “return”: 从“__int64”转换到“int”，可能丢失数据
     1>E:\Src\[src.cool]最后一战\Server\ThirdFunc\google/protobuf/wire_format_lite_inl.h(822): warning C4267: “参数”: 从“size_t”转换到“google::protobuf::uint32”，可能丢失数据
     1>E:\Src\[src.cool]最后一战\Server\ThirdFunc\google/protobuf/wire_format_lite_inl.h(823): warning C4267: “return”: 从“size_t”转换到“int”，可能丢失数据
     1>E:\Src\[src.cool]最后一战\Server\ThirdFunc\google/protobuf/wire_format_lite_inl.h(826): warning C4267: “参数”: 从“size_t”转换到“google::protobuf::uint32”，可能丢失数据
     1>E:\Src\[src.cool]最后一战\Server\ThirdFunc\google/protobuf/wire_format_lite_inl.h(827): warning C4267: “return”: 从“size_t”转换到“int”，可能丢失数据
     1>..\..\ThirdFunc\MsgLists\GCToBS.pb.cc(301): warning C4267: “参数”: 从“size_t”转换到“int”，可能丢失数据
     1>..\..\ThirdFunc\MsgLists\GCToBS.pb.cc(318): warning C4267: “参数”: 从“size_t”转换到“int”，可能丢失数据
     1>..\..\ThirdFunc\MsgLists\GCToBS.pb.cc(367): warning C4267: “参数”: 从“size_t”转换到“int”，可能丢失数据
     1>..\..\ThirdFunc\MsgLists\GCToBS.pb.cc(377): warning C4267: “参数”: 从“size_t”转换到“int”，可能丢失数据
     1>..\..\ThirdFunc\MsgLists\GCToBS.pb.cc(408): warning C4267: “参数”: 从“size_t”转换到“int”，可能丢失数据
     1>..\..\ThirdFunc\MsgLists\GCToBS.pb.cc(419): warning C4267: “参数”: 从“size_t”转换到“int”，可能丢失数据
     1>..\..\ThirdFunc\MsgLists\GCToBS.pb.cc(693): warning C4267: “参数”: 从“size_t”转换到“int”，可能丢失数据
     1>..\..\ThirdFunc\MsgLists\GCToBS.pb.cc(710): warning C4267: “参数”: 从“size_t”转换到“int”，可能丢失数据
     1>..\..\ThirdFunc\MsgLists\GCToBS.pb.cc(799): warning C4267: “参数”: 从“size_t”转换到“int”，可能丢失数据
     1>..\..\ThirdFunc\MsgLists\GCToBS.pb.cc(809): warning C4267: “参数”: 从“size_t”转换到“int”，可能丢失数据
     1>..\..\ThirdFunc\MsgLists\GCToBS.pb.cc(850): warning C4267: “参数”: 从“size_t”转换到“int”，可能丢失数据
     1>..\..\ThirdFunc\MsgLists\GCToBS.pb.cc(861): warning C4267: “参数”: 从“size_t”转换到“int”，可能丢失数据
     1>E:\Src\[src.cool]最后一战\Server\ThirdFunc\google/protobuf/wire_format_lite_inl.h(383): warning C4018: “<”: 有符号/无符号不匹配
                 E:\Src\[src.cool]最后一战\Server\ThirdFunc\google/protobuf/wire_format_lite_inl.h(413): 参见对正在编译的函数 模板 实例化“bool google::protobuf::internal::WireFormatLite::ReadPackedFixedSizePrimitive<google::protobuf::uint32,TYPE_FIXED32>(google::protobuf::io::CodedInputStream *,google::protobuf::RepeatedField<Element> *)”的引用
                 with
                 [
                     Element=google::protobuf::uint32
                 ]
     1>E:\Src\[src.cool]最后一战\Server\ThirdFunc\google/protobuf/wire_format_lite_inl.h(393): warning C4018: “<”: 有符号/无符号不匹配
     1>E:\Src\[src.cool]最后一战\Server\ThirdFunc\google/protobuf/wire_format_lite_inl.h(383): warning C4018: “<”: 有符号/无符号不匹配
                 E:\Src\[src.cool]最后一战\Server\ThirdFunc\google/protobuf/wire_format_lite_inl.h(414): 参见对正在编译的函数 模板 实例化“bool google::protobuf::internal::WireFormatLite::ReadPackedFixedSizePrimitive<google::protobuf::uint64,TYPE_FIXED64>(google::protobuf::io::CodedInputStream *,google::protobuf::RepeatedField<Element> *)”的引用
                 with
                 [
                     Element=google::protobuf::uint64
                 ]
     1>E:\Src\[src.cool]最后一战\Server\ThirdFunc\google/protobuf/wire_format_lite_inl.h(393): warning C4018: “<”: 有符号/无符号不匹配
     1>E:\Src\[src.cool]最后一战\Server\ThirdFunc\google/protobuf/wire_format_lite_inl.h(383): warning C4018: “<”: 有符号/无符号不匹配
                 E:\Src\[src.cool]最后一战\Server\ThirdFunc\google/protobuf/wire_format_lite_inl.h(415): 参见对正在编译的函数 模板 实例化“bool google::protobuf::internal::WireFormatLite::ReadPackedFixedSizePrimitive<google::protobuf::int32,TYPE_SFIXED32>(google::protobuf::io::CodedInputStream *,google::protobuf::RepeatedField<Element> *)”的引用
                 with
                 [
                     Element=google::protobuf::int32
                 ]
     1>E:\Src\[src.cool]最后一战\Server\ThirdFunc\google/protobuf/wire_format_lite_inl.h(393): warning C4018: “<”: 有符号/无符号不匹配
     1>E:\Src\[src.cool]最后一战\Server\ThirdFunc\google/protobuf/wire_format_lite_inl.h(383): warning C4018: “<”: 有符号/无符号不匹配
                 E:\Src\[src.cool]最后一战\Server\ThirdFunc\google/protobuf/wire_format_lite_inl.h(416): 参见对正在编译的函数 模板 实例化“bool google::protobuf::internal::WireFormatLite::ReadPackedFixedSizePrimitive<google::protobuf::int64,TYPE_SFIXED64>(google::protobuf::io::CodedInputStream *,google::protobuf::RepeatedField<Element> *)”的引用
                 with
                 [
                     Element=google::protobuf::int64
                 ]
     1>E:\Src\[src.cool]最后一战\Server\ThirdFunc\google/protobuf/wire_format_lite_inl.h(393): warning C4018: “<”: 有符号/无符号不匹配
     1>E:\Src\[src.cool]最后一战\Server\ThirdFunc\google/protobuf/wire_format_lite_inl.h(383): warning C4018: “<”: 有符号/无符号不匹配
                 E:\Src\[src.cool]最后一战\Server\ThirdFunc\google/protobuf/wire_format_lite_inl.h(417): 参见对正在编译的函数 模板 实例化“bool google::protobuf::internal::WireFormatLite::ReadPackedFixedSizePrimitive<float,TYPE_FLOAT>(google::protobuf::io::CodedInputStream *,google::protobuf::RepeatedField<Element> *)”的引用
                 with
                 [
                     Element=float
                 ]
     1>E:\Src\[src.cool]最后一战\Server\ThirdFunc\google/protobuf/wire_format_lite_inl.h(393): warning C4018: “<”: 有符号/无符号不匹配
     1>E:\Src\[src.cool]最后一战\Server\ThirdFunc\google/protobuf/wire_format_lite_inl.h(383): warning C4018: “<”: 有符号/无符号不匹配
                 E:\Src\[src.cool]最后一战\Server\ThirdFunc\google/protobuf/wire_format_lite_inl.h(418): 参见对正在编译的函数 模板 实例化“bool google::protobuf::internal::WireFormatLite::ReadPackedFixedSizePrimitive<double,TYPE_DOUBLE>(google::protobuf::io::CodedInputStream *,google::protobuf::RepeatedField<Element> *)”的引用
                 with
                 [
                     Element=double
                 ]
     1>E:\Src\[src.cool]最后一战\Server\ThirdFunc\google/protobuf/wire_format_lite_inl.h(393): warning C4018: “<”: 有符号/无符号不匹配
         GSToBS.pb.cc
     1>E:\Src\[src.cool]最后一战\Server\ThirdFunc\google/protobuf/descriptor.h(1597): warning C4244: “return”: 从“__int64”转换到“int”，可能丢失数据
     1>E:\Src\[src.cool]最后一战\Server\ThirdFunc\google/protobuf/descriptor.h(1599): warning C4244: “return”: 从“__int64”转换到“int”，可能丢失数据
     1>E:\Src\[src.cool]最后一战\Server\ThirdFunc\google/protobuf/descriptor.h(1601): warning C4244: “return”: 从“__int64”转换到“int”，可能丢失数据
     1>E:\Src\[src.cool]最后一战\Server\ThirdFunc\google/protobuf/descriptor.h(1607): warning C4244: “return”: 从“__int64”转换到“int”，可能丢失数据
     1>E:\Src\[src.cool]最后一战\Server\ThirdFunc\google/protobuf/descriptor.h(1609): warning C4244: “return”: 从“__int64”转换到“int”，可能丢失数据
     1>E:\Src\[src.cool]最后一战\Server\ThirdFunc\google/protobuf/descriptor.h(1614): warning C4244: “return”: 从“__int64”转换到“int”，可能丢失数据
     1>E:\Src\[src.cool]最后一战\Server\ThirdFunc\google/protobuf/descriptor.h(1619): warning C4244: “return”: 从“__int64”转换到“int”，可能丢失数据
     1>E:\Src\[src.cool]最后一战\Server\ThirdFunc\google/protobuf/descriptor.h(1621): warning C4244: “return”: 从“__int64”转换到“int”，可能丢失数据
     1>E:\Src\[src.cool]最后一战\Server\ThirdFunc\google/protobuf/descriptor.h(1626): warning C4244: “return”: 从“__int64”转换到“int”，可能丢失数据
     1>E:\Src\[src.cool]最后一战\Server\ThirdFunc\google/protobuf/descriptor.h(1630): warning C4244: “return”: 从“__int64”转换到“int”，可能丢失数据
     1>E:\Src\[src.cool]最后一战\Server\ThirdFunc\google/protobuf/descriptor.h(1634): warning C4244: “return”: 从“__int64”转换到“int”，可能丢失数据
     1>E:\Src\[src.cool]最后一战\Server\ThirdFunc\google/protobuf/unknown_field_set.h(141): warning C4267: “参数”: 从“size_t”转换到“int”，可能丢失数据
     1>E:\Src\[src.cool]最后一战\Server\ThirdFunc\google/protobuf/unknown_field_set.h(239): warning C4267: “return”: 从“size_t”转换到“int”，可能丢失数据
     1>E:\Src\[src.cool]最后一战\Server\ThirdFunc\google/protobuf/unknown_field_set.h(307): warning C4267: “return”: 从“size_t”转换到“int”，可能丢失数据
     1>E:\Src\[src.cool]最后一战\Server\ThirdFunc\google/protobuf/io/coded_stream.h(977): warning C4244: “=”: 从“__int64”转换到“int”，可能丢失数据
     1>E:\Src\[src.cool]最后一战\Server\ThirdFunc\google/protobuf/io/coded_stream.h(1162): warning C4244: “return”: 从“__int64”转换到“int”，可能丢失数据
     1>E:\Src\[src.cool]最后一战\Server\ThirdFunc\google/protobuf/wire_format_lite_inl.h(822): warning C4267: “参数”: 从“size_t”转换到“google::protobuf::uint32”，可能丢失数据
     1>E:\Src\[src.cool]最后一战\Server\ThirdFunc\google/protobuf/wire_format_lite_inl.h(823): warning C4267: “return”: 从“size_t”转换到“int”，可能丢失数据
     1>E:\Src\[src.cool]最后一战\Server\ThirdFunc\google/protobuf/wire_format_lite_inl.h(826): warning C4267: “参数”: 从“size_t”转换到“google::protobuf::uint32”，可能丢失数据
     1>E:\Src\[src.cool]最后一战\Server\ThirdFunc\google/protobuf/wire_format_lite_inl.h(827): warning C4267: “return”: 从“size_t”转换到“int”，可能丢失数据
     1>E:\Src\[src.cool]最后一战\Server\ThirdFunc\google/protobuf/wire_format_lite_inl.h(383): warning C4018: “<”: 有符号/无符号不匹配
                 E:\Src\[src.cool]最后一战\Server\ThirdFunc\google/protobuf/wire_format_lite_inl.h(413): 参见对正在编译的函数 模板 实例化“bool google::protobuf::internal::WireFormatLite::ReadPackedFixedSizePrimitive<google::protobuf::uint32,TYPE_FIXED32>(google::protobuf::io::CodedInputStream *,google::protobuf::RepeatedField<Element> *)”的引用
                 with
                 [
                     Element=google::protobuf::uint32
                 ]
     1>E:\Src\[src.cool]最后一战\Server\ThirdFunc\google/protobuf/wire_format_lite_inl.h(393): warning C4018: “<”: 有符号/无符号不匹配
     1>E:\Src\[src.cool]最后一战\Server\ThirdFunc\google/protobuf/wire_format_lite_inl.h(383): warning C4018: “<”: 有符号/无符号不匹配
                 E:\Src\[src.cool]最后一战\Server\ThirdFunc\google/protobuf/wire_format_lite_inl.h(414): 参见对正在编译的函数 模板 实例化“bool google::protobuf::internal::WireFormatLite::ReadPackedFixedSizePrimitive<google::protobuf::uint64,TYPE_FIXED64>(google::protobuf::io::CodedInputStream *,google::protobuf::RepeatedField<Element> *)”的引用
                 with
                 [
                     Element=google::protobuf::uint64
                 ]
     1>E:\Src\[src.cool]最后一战\Server\ThirdFunc\google/protobuf/wire_format_lite_inl.h(393): warning C4018: “<”: 有符号/无符号不匹配
     1>E:\Src\[src.cool]最后一战\Server\ThirdFunc\google/protobuf/wire_format_lite_inl.h(383): warning C4018: “<”: 有符号/无符号不匹配
                 E:\Src\[src.cool]最后一战\Server\ThirdFunc\google/protobuf/wire_format_lite_inl.h(415): 参见对正在编译的函数 模板 实例化“bool google::protobuf::internal::WireFormatLite::ReadPackedFixedSizePrimitive<google::protobuf::int32,TYPE_SFIXED32>(google::protobuf::io::CodedInputStream *,google::protobuf::RepeatedField<Element> *)”的引用
                 with
                 [
                     Element=google::protobuf::int32
                 ]
     1>E:\Src\[src.cool]最后一战\Server\ThirdFunc\google/protobuf/wire_format_lite_inl.h(393): warning C4018: “<”: 有符号/无符号不匹配
     1>E:\Src\[src.cool]最后一战\Server\ThirdFunc\google/protobuf/wire_format_lite_inl.h(383): warning C4018: “<”: 有符号/无符号不匹配
                 E:\Src\[src.cool]最后一战\Server\ThirdFunc\google/protobuf/wire_format_lite_inl.h(416): 参见对正在编译的函数 模板 实例化“bool google::protobuf::internal::WireFormatLite::ReadPackedFixedSizePrimitive<google::protobuf::int64,TYPE_SFIXED64>(google::protobuf::io::CodedInputStream *,google::protobuf::RepeatedField<Element> *)”的引用
                 with
                 [
                     Element=google::protobuf::int64
                 ]
     1>E:\Src\[src.cool]最后一战\Server\ThirdFunc\google/protobuf/wire_format_lite_inl.h(393): warning C4018: “<”: 有符号/无符号不匹配
     1>E:\Src\[src.cool]最后一战\Server\ThirdFunc\google/protobuf/wire_format_lite_inl.h(383): warning C4018: “<”: 有符号/无符号不匹配
                 E:\Src\[src.cool]最后一战\Server\ThirdFunc\google/protobuf/wire_format_lite_inl.h(417): 参见对正在编译的函数 模板 实例化“bool google::protobuf::internal::WireFormatLite::ReadPackedFixedSizePrimitive<float,TYPE_FLOAT>(google::protobuf::io::CodedInputStream *,google::protobuf::RepeatedField<Element> *)”的引用
                 with
                 [
                     Element=float
                 ]
     1>E:\Src\[src.cool]最后一战\Server\ThirdFunc\google/protobuf/wire_format_lite_inl.h(393): warning C4018: “<”: 有符号/无符号不匹配
     1>E:\Src\[src.cool]最后一战\Server\ThirdFunc\google/protobuf/wire_format_lite_inl.h(383): warning C4018: “<”: 有符号/无符号不匹配
                 E:\Src\[src.cool]最后一战\Server\ThirdFunc\google/protobuf/wire_format_lite_inl.h(418): 参见对正在编译的函数 模板 实例化“bool google::protobuf::internal::WireFormatLite::ReadPackedFixedSizePrimitive<double,TYPE_DOUBLE>(google::protobuf::io::CodedInputStream *,google::protobuf::RepeatedField<Element> *)”的引用
                 with
                 [
                     Element=double
                 ]
     1>E:\Src\[src.cool]最后一战\Server\ThirdFunc\google/protobuf/wire_format_lite_inl.h(393): warning C4018: “<”: 有符号/无符号不匹配
         ParseProto.cpp
         BalanceServer.cpp
     1>e:\src\[src.cool]最后一战\server\elogging\elogging\Buffer.h(38): warning C4267: “+=”: 从“size_t”转换到“int”，可能丢失数据
     1>e:\src\[src.cool]最后一战\server\elogging\elogging\Buffer.h(49): warning C4267: “+=”: 从“size_t”转换到“int”，可能丢失数据
     1>E:\Src\[src.cool]最后一战\Server\ThirdFunc\google/protobuf/descriptor.h(1597): warning C4244: “return”: 从“__int64”转换到“int”，可能丢失数据
     1>E:\Src\[src.cool]最后一战\Server\ThirdFunc\google/protobuf/descriptor.h(1599): warning C4244: “return”: 从“__int64”转换到“int”，可能丢失数据
     1>E:\Src\[src.cool]最后一战\Server\ThirdFunc\google/protobuf/descriptor.h(1601): warning C4244: “return”: 从“__int64”转换到“int”，可能丢失数据
     1>E:\Src\[src.cool]最后一战\Server\ThirdFunc\google/protobuf/descriptor.h(1607): warning C4244: “return”: 从“__int64”转换到“int”，可能丢失数据
     1>E:\Src\[src.cool]最后一战\Server\ThirdFunc\google/protobuf/descriptor.h(1609): warning C4244: “return”: 从“__int64”转换到“int”，可能丢失数据
     1>E:\Src\[src.cool]最后一战\Server\ThirdFunc\google/protobuf/descriptor.h(1614): warning C4244: “return”: 从“__int64”转换到“int”，可能丢失数据
     1>E:\Src\[src.cool]最后一战\Server\ThirdFunc\google/protobuf/descriptor.h(1619): warning C4244: “return”: 从“__int64”转换到“int”，可能丢失数据
     1>E:\Src\[src.cool]最后一战\Server\ThirdFunc\google/protobuf/descriptor.h(1621): warning C4244: “return”: 从“__int64”转换到“int”，可能丢失数据
     1>E:\Src\[src.cool]最后一战\Server\ThirdFunc\google/protobuf/descriptor.h(1626): warning C4244: “return”: 从“__int64”转换到“int”，可能丢失数据
     1>E:\Src\[src.cool]最后一战\Server\ThirdFunc\google/protobuf/descriptor.h(1630): warning C4244: “return”: 从“__int64”转换到“int”，可能丢失数据
     1>E:\Src\[src.cool]最后一战\Server\ThirdFunc\google/protobuf/descriptor.h(1634): warning C4244: “return”: 从“__int64”转换到“int”，可能丢失数据
     1>E:\Src\[src.cool]最后一战\Server\ThirdFunc\google/protobuf/unknown_field_set.h(141): warning C4267: “参数”: 从“size_t”转换到“int”，可能丢失数据
     1>E:\Src\[src.cool]最后一战\Server\ThirdFunc\google/protobuf/unknown_field_set.h(239): warning C4267: “return”: 从“size_t”转换到“int”，可能丢失数据
     1>E:\Src\[src.cool]最后一战\Server\ThirdFunc\google/protobuf/unknown_field_set.h(307): warning C4267: “return”: 从“size_t”转换到“int”，可能丢失数据
         B2LSession.cpp
     1>e:\src\[src.cool]最后一战\server\elogging\elogging\Buffer.h(38): warning C4267: “+=”: 从“size_t”转换到“int”，可能丢失数据
     1>e:\src\[src.cool]最后一战\server\elogging\elogging\Buffer.h(49): warning C4267: “+=”: 从“size_t”转换到“int”，可能丢失数据
     1>E:\Src\[src.cool]最后一战\Server\ThirdFunc\google/protobuf/descriptor.h(1597): warning C4244: “return”: 从“__int64”转换到“int”，可能丢失数据
     1>E:\Src\[src.cool]最后一战\Server\ThirdFunc\google/protobuf/descriptor.h(1599): warning C4244: “return”: 从“__int64”转换到“int”，可能丢失数据
     1>E:\Src\[src.cool]最后一战\Server\ThirdFunc\google/protobuf/descriptor.h(1601): warning C4244: “return”: 从“__int64”转换到“int”，可能丢失数据
     1>E:\Src\[src.cool]最后一战\Server\ThirdFunc\google/protobuf/descriptor.h(1607): warning C4244: “return”: 从“__int64”转换到“int”，可能丢失数据
     1>E:\Src\[src.cool]最后一战\Server\ThirdFunc\google/protobuf/descriptor.h(1609): warning C4244: “return”: 从“__int64”转换到“int”，可能丢失数据
     1>E:\Src\[src.cool]最后一战\Server\ThirdFunc\google/protobuf/descriptor.h(1614): warning C4244: “return”: 从“__int64”转换到“int”，可能丢失数据
     1>E:\Src\[src.cool]最后一战\Server\ThirdFunc\google/protobuf/descriptor.h(1619): warning C4244: “return”: 从“__int64”转换到“int”，可能丢失数据
     1>E:\Src\[src.cool]最后一战\Server\ThirdFunc\google/protobuf/descriptor.h(1621): warning C4244: “return”: 从“__int64”转换到“int”，可能丢失数据
     1>E:\Src\[src.cool]最后一战\Server\ThirdFunc\google/protobuf/descriptor.h(1626): warning C4244: “return”: 从“__int64”转换到“int”，可能丢失数据
     1>E:\Src\[src.cool]最后一战\Server\ThirdFunc\google/protobuf/descriptor.h(1630): warning C4244: “return”: 从“__int64”转换到“int”，可能丢失数据
     1>E:\Src\[src.cool]最后一战\Server\ThirdFunc\google/protobuf/descriptor.h(1634): warning C4244: “return”: 从“__int64”转换到“int”，可能丢失数据
     1>E:\Src\[src.cool]最后一战\Server\ThirdFunc\google/protobuf/unknown_field_set.h(141): warning C4267: “参数”: 从“size_t”转换到“int”，可能丢失数据
     1>E:\Src\[src.cool]最后一战\Server\ThirdFunc\google/protobuf/unknown_field_set.h(239): warning C4267: “return”: 从“size_t”转换到“int”，可能丢失数据
     1>E:\Src\[src.cool]最后一战\Server\ThirdFunc\google/protobuf/unknown_field_set.h(307): warning C4267: “return”: 从“size_t”转换到“int”，可能丢失数据
         BSNetSessionMgr.cpp
     1>e:\src\[src.cool]最后一战\server\elogging\elogging\Buffer.h(38): warning C4267: “+=”: 从“size_t”转换到“int”，可能丢失数据
     1>e:\src\[src.cool]最后一战\server\elogging\elogging\Buffer.h(49): warning C4267: “+=”: 从“size_t”转换到“int”，可能丢失数据
     1>E:\Src\[src.cool]最后一战\Server\ThirdFunc\google/protobuf/descriptor.h(1597): warning C4244: “return”: 从“__int64”转换到“int”，可能丢失数据
     1>E:\Src\[src.cool]最后一战\Server\ThirdFunc\google/protobuf/descriptor.h(1599): warning C4244: “return”: 从“__int64”转换到“int”，可能丢失数据
     1>E:\Src\[src.cool]最后一战\Server\ThirdFunc\google/protobuf/descriptor.h(1601): warning C4244: “return”: 从“__int64”转换到“int”，可能丢失数据
     1>E:\Src\[src.cool]最后一战\Server\ThirdFunc\google/protobuf/descriptor.h(1607): warning C4244: “return”: 从“__int64”转换到“int”，可能丢失数据
     1>E:\Src\[src.cool]最后一战\Server\ThirdFunc\google/protobuf/descriptor.h(1609): warning C4244: “return”: 从“__int64”转换到“int”，可能丢失数据
     1>E:\Src\[src.cool]最后一战\Server\ThirdFunc\google/protobuf/descriptor.h(1614): warning C4244: “return”: 从“__int64”转换到“int”，可能丢失数据
     1>E:\Src\[src.cool]最后一战\Server\ThirdFunc\google/protobuf/descriptor.h(1619): warning C4244: “return”: 从“__int64”转换到“int”，可能丢失数据
     1>E:\Src\[src.cool]最后一战\Server\ThirdFunc\google/protobuf/descriptor.h(1621): warning C4244: “return”: 从“__int64”转换到“int”，可能丢失数据
     1>E:\Src\[src.cool]最后一战\Server\ThirdFunc\google/protobuf/descriptor.h(1626): warning C4244: “return”: 从“__int64”转换到“int”，可能丢失数据
     1>E:\Src\[src.cool]最后一战\Server\ThirdFunc\google/protobuf/descriptor.h(1630): warning C4244: “return”: 从“__int64”转换到“int”，可能丢失数据
     1>E:\Src\[src.cool]最后一战\Server\ThirdFunc\google/protobuf/descriptor.h(1634): warning C4244: “return”: 从“__int64”转换到“int”，可能丢失数据
     1>E:\Src\[src.cool]最后一战\Server\ThirdFunc\google/protobuf/unknown_field_set.h(141): warning C4267: “参数”: 从“size_t”转换到“int”，可能丢失数据
     1>E:\Src\[src.cool]最后一战\Server\ThirdFunc\google/protobuf/unknown_field_set.h(239): warning C4267: “return”: 从“size_t”转换到“int”，可能丢失数据
     1>E:\Src\[src.cool]最后一战\Server\ThirdFunc\google/protobuf/unknown_field_set.h(307): warning C4267: “return”: 从“size_t”转换到“int”，可能丢失数据
         ClientSession.cpp
     1>e:\src\[src.cool]最后一战\server\elogging\elogging\Buffer.h(38): warning C4267: “+=”: 从“size_t”转换到“int”，可能丢失数据
     1>e:\src\[src.cool]最后一战\server\elogging\elogging\Buffer.h(49): warning C4267: “+=”: 从“size_t”转换到“int”，可能丢失数据
     1>E:\Src\[src.cool]最后一战\Server\ThirdFunc\google/protobuf/descriptor.h(1597): warning C4244: “return”: 从“__int64”转换到“int”，可能丢失数据
     1>E:\Src\[src.cool]最后一战\Server\ThirdFunc\google/protobuf/descriptor.h(1599): warning C4244: “return”: 从“__int64”转换到“int”，可能丢失数据
     1>E:\Src\[src.cool]最后一战\Server\ThirdFunc\google/protobuf/descriptor.h(1601): warning C4244: “return”: 从“__int64”转换到“int”，可能丢失数据
     1>E:\Src\[src.cool]最后一战\Server\ThirdFunc\google/protobuf/descriptor.h(1607): warning C4244: “return”: 从“__int64”转换到“int”，可能丢失数据
     1>E:\Src\[src.cool]最后一战\Server\ThirdFunc\google/protobuf/descriptor.h(1609): warning C4244: “return”: 从“__int64”转换到“int”，可能丢失数据
     1>E:\Src\[src.cool]最后一战\Server\ThirdFunc\google/protobuf/descriptor.h(1614): warning C4244: “return”: 从“__int64”转换到“int”，可能丢失数据
     1>E:\Src\[src.cool]最后一战\Server\ThirdFunc\google/protobuf/descriptor.h(1619): warning C4244: “return”: 从“__int64”转换到“int”，可能丢失数据
     1>E:\Src\[src.cool]最后一战\Server\ThirdFunc\google/protobuf/descriptor.h(1621): warning C4244: “return”: 从“__int64”转换到“int”，可能丢失数据
     1>E:\Src\[src.cool]最后一战\Server\ThirdFunc\google/protobuf/descriptor.h(1626): warning C4244: “return”: 从“__int64”转换到“int”，可能丢失数据
     1>E:\Src\[src.cool]最后一战\Server\ThirdFunc\google/protobuf/descriptor.h(1630): warning C4244: “return”: 从“__int64”转换到“int”，可能丢失数据
     1>E:\Src\[src.cool]最后一战\Server\ThirdFunc\google/protobuf/descriptor.h(1634): warning C4244: “return”: 从“__int64”转换到“int”，可能丢失数据
     1>E:\Src\[src.cool]最后一战\Server\ThirdFunc\google/protobuf/unknown_field_set.h(141): warning C4267: “参数”: 从“size_t”转换到“int”，可能丢失数据
     1>E:\Src\[src.cool]最后一战\Server\ThirdFunc\google/protobuf/unknown_field_set.h(239): warning C4267: “return”: 从“size_t”转换到“int”，可能丢失数据
     1>E:\Src\[src.cool]最后一战\Server\ThirdFunc\google/protobuf/unknown_field_set.h(307): warning C4267: “return”: 从“size_t”转换到“int”，可能丢失数据
         GateSession.cpp
     1>e:\src\[src.cool]最后一战\server\elogging\elogging\Buffer.h(38): warning C4267: “+=”: 从“size_t”转换到“int”，可能丢失数据
     1>e:\src\[src.cool]最后一战\server\elogging\elogging\Buffer.h(49): warning C4267: “+=”: 从“size_t”转换到“int”，可能丢失数据
     1>E:\Src\[src.cool]最后一战\Server\ThirdFunc\google/protobuf/descriptor.h(1597): warning C4244: “return”: 从“__int64”转换到“int”，可能丢失数据
     1>E:\Src\[src.cool]最后一战\Server\ThirdFunc\google/protobuf/descriptor.h(1599): warning C4244: “return”: 从“__int64”转换到“int”，可能丢失数据
     1>E:\Src\[src.cool]最后一战\Server\ThirdFunc\google/protobuf/descriptor.h(1601): warning C4244: “return”: 从“__int64”转换到“int”，可能丢失数据
     1>E:\Src\[src.cool]最后一战\Server\ThirdFunc\google/protobuf/descriptor.h(1607): warning C4244: “return”: 从“__int64”转换到“int”，可能丢失数据
     1>E:\Src\[src.cool]最后一战\Server\ThirdFunc\google/protobuf/descriptor.h(1609): warning C4244: “return”: 从“__int64”转换到“int”，可能丢失数据
     1>E:\Src\[src.cool]最后一战\Server\ThirdFunc\google/protobuf/descriptor.h(1614): warning C4244: “return”: 从“__int64”转换到“int”，可能丢失数据
     1>E:\Src\[src.cool]最后一战\Server\ThirdFunc\google/protobuf/descriptor.h(1619): warning C4244: “return”: 从“__int64”转换到“int”，可能丢失数据
     1>E:\Src\[src.cool]最后一战\Server\ThirdFunc\google/protobuf/descriptor.h(1621): warning C4244: “return”: 从“__int64”转换到“int”，可能丢失数据
     1>E:\Src\[src.cool]最后一战\Server\ThirdFunc\google/protobuf/descriptor.h(1626): warning C4244: “return”: 从“__int64”转换到“int”，可能丢失数据
     1>E:\Src\[src.cool]最后一战\Server\ThirdFunc\google/protobuf/descriptor.h(1630): warning C4244: “return”: 从“__int64”转换到“int”，可能丢失数据
     1>E:\Src\[src.cool]最后一战\Server\ThirdFunc\google/protobuf/descriptor.h(1634): warning C4244: “return”: 从“__int64”转换到“int”，可能丢失数据
     1>E:\Src\[src.cool]最后一战\Server\ThirdFunc\google/protobuf/unknown_field_set.h(141): warning C4267: “参数”: 从“size_t”转换到“int”，可能丢失数据
     1>E:\Src\[src.cool]最后一战\Server\ThirdFunc\google/protobuf/unknown_field_set.h(239): warning C4267: “return”: 从“size_t”转换到“int”，可能丢失数据
     1>E:\Src\[src.cool]最后一战\Server\ThirdFunc\google/protobuf/unknown_field_set.h(307): warning C4267: “return”: 从“size_t”转换到“int”，可能丢失数据
       Link:
         C:\Program Files (x86)\Microsoft Visual Studio 10.0\VC\bin\x86_amd64\link.exe /ERRORREPORT:PROMPT /OUT:"..\..\Bin\x64\Release\BalanceServer.exe" /INCREMENTAL:NO /NOLOGO ws2_32.lib ..\..\Lib\x64\Release\libprotobuf.lib ..\..\Lib\x64\Release\libtcmalloc_minimal.lib "..\..\Lib\x64\Release\libboost_atomic-vc100-mt-1_55.lib" kernel32.lib user32.lib gdi32.lib winspool.lib comdlg32.lib advapi32.lib shell32.lib ole32.lib oleaut32.lib uuid.lib odbc32.lib odbccp32.lib /MANIFEST /ManifestFile:"x64\Release\BalanceServer.exe.intermediate.manifest" /MANIFESTUAC:"level='asInvoker' uiAccess='false'" /DEBUG /PDB:"E:\Src\[src.cool]最后一战\Server\Bin\x64\Release\BalanceServer.pdb" /SUBSYSTEM:CONSOLE /OPT:REF /OPT:ICF /LTCG /TLBID:1 /DYNAMICBASE /NXCOMPAT /IMPLIB:"..\..\Bin\x64\Release\BalanceServer.lib" /MACHINE:X64 x64\Release\DefLogging.obj
         x64\Release\logger.obj
         x64\Release\ICliSession.obj
         x64\Release\IMsgHandle.obj
         x64\Release\INetSession.obj
         x64\Release\INetSessionMgr.obj
         x64\Release\ISrvCliSession.obj
         x64\Release\BSToGC.pb.obj
         x64\Release\BSToGS.pb.obj
         x64\Release\BSToLS.pb.obj
         x64\Release\GCToBS.pb.obj
         x64\Release\GSToBS.pb.obj
         x64\Release\ParseProto.obj
         x64\Release\BalanceServer.obj
         x64\Release\B2LSession.obj
         x64\Release\BSNetSessionMgr.obj
         x64\Release\ClientSession.obj
         x64\Release\GateSession.obj
         x64\Release\stdafx.obj
         正在生成代码
         已完成代码的生成
     1>libprotobuf.lib(atomicops_internals_x86_msvc.obj) : warning LNK4099: 未找到 PDB“vc100.pdb”(使用“libprotobuf.lib(atomicops_internals_x86_msvc.obj)”或在“E:\Src\[src.cool]最后一战\Server\Bin\x64\Release\vc100.pdb”中寻找)；正在链接对象，如同没有调试信息一样
     1>libprotobuf.lib(coded_stream.obj) : warning LNK4099: 未找到 PDB“vc100.pdb”(使用“libprotobuf.lib(coded_stream.obj)”或在“E:\Src\[src.cool]最后一战\Server\Bin\x64\Release\vc100.pdb”中寻找)；正在链接对象，如同没有调试信息一样
     1>libprotobuf.lib(common.obj) : warning LNK4099: 未找到 PDB“vc100.pdb”(使用“libprotobuf.lib(common.obj)”或在“E:\Src\[src.cool]最后一战\Server\Bin\x64\Release\vc100.pdb”中寻找)；正在链接对象，如同没有调试信息一样
     1>libprotobuf.lib(descriptor.obj) : warning LNK4099: 未找到 PDB“vc100.pdb”(使用“libprotobuf.lib(descriptor.obj)”或在“E:\Src\[src.cool]最后一战\Server\Bin\x64\Release\vc100.pdb”中寻找)；正在链接对象，如同没有调试信息一样
     1>libprotobuf.lib(descriptor.pb.obj) : warning LNK4099: 未找到 PDB“vc100.pdb”(使用“libprotobuf.lib(descriptor.pb.obj)”或在“E:\Src\[src.cool]最后一战\Server\Bin\x64\Release\vc100.pdb”中寻找)；正在链接对象，如同没有调试信息一样
     1>libprotobuf.lib(descriptor_database.obj) : warning LNK4099: 未找到 PDB“vc100.pdb”(使用“libprotobuf.lib(descriptor_database.obj)”或在“E:\Src\[src.cool]最后一战\Server\Bin\x64\Release\vc100.pdb”中寻找)；正在链接对象，如同没有调试信息一样
     1>libprotobuf.lib(dynamic_message.obj) : warning LNK4099: 未找到 PDB“vc100.pdb”(使用“libprotobuf.lib(dynamic_message.obj)”或在“E:\Src\[src.cool]最后一战\Server\Bin\x64\Release\vc100.pdb”中寻找)；正在链接对象，如同没有调试信息一样
     1>libprotobuf.lib(extension_set.obj) : warning LNK4099: 未找到 PDB“vc100.pdb”(使用“libprotobuf.lib(extension_set.obj)”或在“E:\Src\[src.cool]最后一战\Server\Bin\x64\Release\vc100.pdb”中寻找)；正在链接对象，如同没有调试信息一样
     1>libprotobuf.lib(extension_set_heavy.obj) : warning LNK4099: 未找到 PDB“vc100.pdb”(使用“libprotobuf.lib(extension_set_heavy.obj)”或在“E:\Src\[src.cool]最后一战\Server\Bin\x64\Release\vc100.pdb”中寻找)；正在链接对象，如同没有调试信息一样
     1>libprotobuf.lib(generated_message_reflection.obj) : warning LNK4099: 未找到 PDB“vc100.pdb”(使用“libprotobuf.lib(generated_message_reflection.obj)”或在“E:\Src\[src.cool]最后一战\Server\Bin\x64\Release\vc100.pdb”中寻找)；正在链接对象，如同没有调试信息一样
     1>libprotobuf.lib(generated_message_util.obj) : warning LNK4099: 未找到 PDB“vc100.pdb”(使用“libprotobuf.lib(generated_message_util.obj)”或在“E:\Src\[src.cool]最后一战\Server\Bin\x64\Release\vc100.pdb”中寻找)；正在链接对象，如同没有调试信息一样
     1>libprotobuf.lib(message.obj) : warning LNK4099: 未找到 PDB“vc100.pdb”(使用“libprotobuf.lib(message.obj)”或在“E:\Src\[src.cool]最后一战\Server\Bin\x64\Release\vc100.pdb”中寻找)；正在链接对象，如同没有调试信息一样
     1>libprotobuf.lib(message_lite.obj) : warning LNK4099: 未找到 PDB“vc100.pdb”(使用“libprotobuf.lib(message_lite.obj)”或在“E:\Src\[src.cool]最后一战\Server\Bin\x64\Release\vc100.pdb”中寻找)；正在链接对象，如同没有调试信息一样
     1>libprotobuf.lib(once.obj) : warning LNK4099: 未找到 PDB“vc100.pdb”(使用“libprotobuf.lib(once.obj)”或在“E:\Src\[src.cool]最后一战\Server\Bin\x64\Release\vc100.pdb”中寻找)；正在链接对象，如同没有调试信息一样
     1>libprotobuf.lib(reflection_ops.obj) : warning LNK4099: 未找到 PDB“vc100.pdb”(使用“libprotobuf.lib(reflection_ops.obj)”或在“E:\Src\[src.cool]最后一战\Server\Bin\x64\Release\vc100.pdb”中寻找)；正在链接对象，如同没有调试信息一样
     1>libprotobuf.lib(repeated_field.obj) : warning LNK4099: 未找到 PDB“vc100.pdb”(使用“libprotobuf.lib(repeated_field.obj)”或在“E:\Src\[src.cool]最后一战\Server\Bin\x64\Release\vc100.pdb”中寻找)；正在链接对象，如同没有调试信息一样
     1>libprotobuf.lib(stringprintf.obj) : warning LNK4099: 未找到 PDB“vc100.pdb”(使用“libprotobuf.lib(stringprintf.obj)”或在“E:\Src\[src.cool]最后一战\Server\Bin\x64\Release\vc100.pdb”中寻找)；正在链接对象，如同没有调试信息一样
     1>libprotobuf.lib(strtod.obj) : warning LNK4099: 未找到 PDB“vc100.pdb”(使用“libprotobuf.lib(strtod.obj)”或在“E:\Src\[src.cool]最后一战\Server\Bin\x64\Release\vc100.pdb”中寻找)；正在链接对象，如同没有调试信息一样
     1>libprotobuf.lib(structurally_valid.obj) : warning LNK4099: 未找到 PDB“vc100.pdb”(使用“libprotobuf.lib(structurally_valid.obj)”或在“E:\Src\[src.cool]最后一战\Server\Bin\x64\Release\vc100.pdb”中寻找)；正在链接对象，如同没有调试信息一样
     1>libprotobuf.lib(strutil.obj) : warning LNK4099: 未找到 PDB“vc100.pdb”(使用“libprotobuf.lib(strutil.obj)”或在“E:\Src\[src.cool]最后一战\Server\Bin\x64\Release\vc100.pdb”中寻找)；正在链接对象，如同没有调试信息一样
     1>libprotobuf.lib(substitute.obj) : warning LNK4099: 未找到 PDB“vc100.pdb”(使用“libprotobuf.lib(substitute.obj)”或在“E:\Src\[src.cool]最后一战\Server\Bin\x64\Release\vc100.pdb”中寻找)；正在链接对象，如同没有调试信息一样
     1>libprotobuf.lib(text_format.obj) : warning LNK4099: 未找到 PDB“vc100.pdb”(使用“libprotobuf.lib(text_format.obj)”或在“E:\Src\[src.cool]最后一战\Server\Bin\x64\Release\vc100.pdb”中寻找)；正在链接对象，如同没有调试信息一样
     1>libprotobuf.lib(tokenizer.obj) : warning LNK4099: 未找到 PDB“vc100.pdb”(使用“libprotobuf.lib(tokenizer.obj)”或在“E:\Src\[src.cool]最后一战\Server\Bin\x64\Release\vc100.pdb”中寻找)；正在链接对象，如同没有调试信息一样
     1>libprotobuf.lib(unknown_field_set.obj) : warning LNK4099: 未找到 PDB“vc100.pdb”(使用“libprotobuf.lib(unknown_field_set.obj)”或在“E:\Src\[src.cool]最后一战\Server\Bin\x64\Release\vc100.pdb”中寻找)；正在链接对象，如同没有调试信息一样
     1>libprotobuf.lib(wire_format.obj) : warning LNK4099: 未找到 PDB“vc100.pdb”(使用“libprotobuf.lib(wire_format.obj)”或在“E:\Src\[src.cool]最后一战\Server\Bin\x64\Release\vc100.pdb”中寻找)；正在链接对象，如同没有调试信息一样
     1>libprotobuf.lib(wire_format_lite.obj) : warning LNK4099: 未找到 PDB“vc100.pdb”(使用“libprotobuf.lib(wire_format_lite.obj)”或在“E:\Src\[src.cool]最后一战\Server\Bin\x64\Release\vc100.pdb”中寻找)；正在链接对象，如同没有调试信息一样
     1>libprotobuf.lib(zero_copy_stream.obj) : warning LNK4099: 未找到 PDB“vc100.pdb”(使用“libprotobuf.lib(zero_copy_stream.obj)”或在“E:\Src\[src.cool]最后一战\Server\Bin\x64\Release\vc100.pdb”中寻找)；正在链接对象，如同没有调试信息一样
     1>libprotobuf.lib(zero_copy_stream_impl.obj) : warning LNK4099: 未找到 PDB“vc100.pdb”(使用“libprotobuf.lib(zero_copy_stream_impl.obj)”或在“E:\Src\[src.cool]最后一战\Server\Bin\x64\Release\vc100.pdb”中寻找)；正在链接对象，如同没有调试信息一样
     1>libprotobuf.lib(zero_copy_stream_impl_lite.obj) : warning LNK4099: 未找到 PDB“vc100.pdb”(使用“libprotobuf.lib(zero_copy_stream_impl_lite.obj)”或在“E:\Src\[src.cool]最后一战\Server\Bin\x64\Release\vc100.pdb”中寻找)；正在链接对象，如同没有调试信息一样
         BalanceServer.vcxproj -> E:\Src\[src.cool]最后一战\Server\BalanceServer\BalanceServer\..\..\Bin\x64\Release\BalanceServer.exe
       Manifest:
         C:\Program Files (x86)\Microsoft SDKs\Windows\v7.0A\bin\mt.exe /nologo /verbose /outputresource:"..\..\Bin\x64\Release\BalanceServer.exe;#1" /manifest x64\Release\BalanceServer.exe.intermediate.manifest
       FinalizeBuildStatus:
         正在删除文件“x64\Release\BalanceServer.unsuccessfulbuild”。
         正在对“x64\Release\BalanceServer.lastbuildstate”执行 Touch 任务。
     1>已完成生成项目“E:\Src\[src.cool]最后一战\Server\BalanceServer\BalanceServer\BalanceServer.vcxproj”(build 个目标)的操作。

生成成功。

已用时间 00:00:18.35
